[debug] [2021-09-13T01:27:40.507Z] ----------------------------------------------------------------------
[debug] [2021-09-13T01:27:40.509Z] Command:       /Users/miyabi/.nodebrew/node/v14.17.6/bin/node /Users/miyabi/.nodebrew/current/bin/firebase deploy --only functions
[debug] [2021-09-13T01:27:40.509Z] CLI Version:   9.18.0
[debug] [2021-09-13T01:27:40.509Z] Platform:      darwin
[debug] [2021-09-13T01:27:40.509Z] Node Version:  v14.17.6
[debug] [2021-09-13T01:27:40.520Z] Time:          Sun Sep 12 2021 18:27:40 GMT-0700 (Pacific Daylight Time)
[debug] [2021-09-13T01:27:40.521Z] ----------------------------------------------------------------------
[debug] 
[debug] [2021-09-13T01:27:40.577Z] > command requires scopes: ["email","openid","https://www.googleapis.com/auth/cloudplatformprojects.readonly","https://www.googleapis.com/auth/firebase","https://www.googleapis.com/auth/cloud-platform"]
[debug] [2021-09-13T01:27:40.577Z] > authorizing via signed-in user (mmyybb.mm@gmail.com)
[debug] [2021-09-13T01:27:40.578Z] [iam] checking project musician-first for permissions ["cloudfunctions.functions.create","cloudfunctions.functions.delete","cloudfunctions.functions.get","cloudfunctions.functions.list","cloudfunctions.functions.update","cloudfunctions.operations.get","firebase.projects.get"]
[debug] [2021-09-13T01:27:40.581Z] >>> HTTP REQUEST POST https://cloudresourcemanager.googleapis.com/v1/projects/musician-first:testIamPermissions  
 {"permissions":["cloudfunctions.functions.create","cloudfunctions.functions.delete","cloudfunctions.functions.get","cloudfunctions.functions.list","cloudfunctions.functions.update","cloudfunctions.operations.get","firebase.projects.get"]}
[debug] [2021-09-13T01:27:40.699Z] <<< HTTP RESPONSE 200 {"content-type":"application/json; charset=UTF-8","vary":"X-Origin, Referer, Origin,Accept-Encoding","date":"Mon, 13 Sep 2021 01:27:40 GMT","server":"ESF","cache-control":"private","x-xss-protection":"0","x-frame-options":"SAMEORIGIN","x-content-type-options":"nosniff","server-timing":"gfet4t7; dur=33","alt-svc":"h3=\":443\"; ma=2592000,h3-29=\":443\"; ma=2592000,h3-T051=\":443\"; ma=2592000,h3-Q050=\":443\"; ma=2592000,h3-Q046=\":443\"; ma=2592000,h3-Q043=\":443\"; ma=2592000,quic=\":443\"; ma=2592000; v=\"46,43\"","accept-ranges":"none","transfer-encoding":"chunked"}
[debug] [2021-09-13T01:27:40.700Z] >>> HTTP REQUEST POST https://iam.googleapis.com/v1/projects/musician-first/serviceAccounts/musician-first@appspot.gserviceaccount.com:testIamPermissions  
 {"permissions":["iam.serviceAccounts.actAs"]}
[debug] [2021-09-13T01:27:40.864Z] <<< HTTP RESPONSE 200 {"content-type":"application/json; charset=UTF-8","vary":"X-Origin, Referer, Origin,Accept-Encoding","date":"Mon, 13 Sep 2021 01:27:40 GMT","server":"ESF","cache-control":"private","x-xss-protection":"0","x-frame-options":"SAMEORIGIN","x-content-type-options":"nosniff","alt-svc":"h3=\":443\"; ma=2592000,h3-29=\":443\"; ma=2592000,h3-T051=\":443\"; ma=2592000,h3-Q050=\":443\"; ma=2592000,h3-Q046=\":443\"; ma=2592000,h3-Q043=\":443\"; ma=2592000,quic=\":443\"; ma=2592000; v=\"46,43\"","accept-ranges":"none","transfer-encoding":"chunked"}
[info] 
[info] === Deploying to 'musician-first'...
[info] 
[info] i  deploying functions 
[info] Running command: npm --prefix "$RESOURCE_DIR" run lint
[info] ✔  functions: Finished running predeploy script. 
[debug] [2021-09-13T01:27:42.308Z] Validating nodejs source
[debug] [2021-09-13T01:27:44.324Z] > [functions] package.json contents: {
  "name": "functions",
  "description": "Cloud Functions for Firebase",
  "scripts": {
    "lint": "eslint .",
    "serve": "firebase emulators:start --only functions",
    "shell": "firebase functions:shell",
    "start": "npm run shell",
    "deploy": "firebase deploy --only functions",
    "logs": "firebase functions:log"
  },
  "engines": {
    "node": "14"
  },
  "main": "index.js",
  "dependencies": {
    "cors": "^2.8.5",
    "dotenv": "^10.0.0",
    "firebase-admin": "^9.8.0",
    "firebase-functions": "^3.14.1",
    "nodemailer": "^6.6.3"
  },
  "devDependencies": {
    "eslint": "^7.6.0",
    "eslint-config-google": "^0.14.0",
    "firebase-functions-test": "^0.2.0"
  },
  "private": true,
  "version": "1.0.0",
  "license": "MIT"
}
[debug] [2021-09-13T01:27:44.325Z] Building nodejs source
[info] i  functions: ensuring required API cloudfunctions.googleapis.com is enabled... 
[info] i  functions: ensuring required API cloudbuild.googleapis.com is enabled... 
[debug] [2021-09-13T01:27:44.327Z] >>> HTTP REQUEST GET https://serviceusage.googleapis.com/v1/projects/musician-first/services/cloudfunctions.googleapis.com  
 
[debug] [2021-09-13T01:27:44.327Z] >>> HTTP REQUEST GET https://serviceusage.googleapis.com/v1/projects/musician-first/services/runtimeconfig.googleapis.com  
 
[debug] [2021-09-13T01:27:44.328Z] >>> HTTP REQUEST GET https://serviceusage.googleapis.com/v1/projects/musician-first/services/cloudbuild.googleapis.com  
 
[debug] [2021-09-13T01:27:44.562Z] <<< HTTP RESPONSE 200 {"content-type":"application/json; charset=UTF-8","vary":"X-Origin, Referer, Origin,Accept-Encoding","date":"Mon, 13 Sep 2021 01:27:44 GMT","server":"ESF","cache-control":"private","x-xss-protection":"0","x-frame-options":"SAMEORIGIN","x-content-type-options":"nosniff","alt-svc":"h3=\":443\"; ma=2592000,h3-29=\":443\"; ma=2592000,h3-T051=\":443\"; ma=2592000,h3-Q050=\":443\"; ma=2592000,h3-Q046=\":443\"; ma=2592000,h3-Q043=\":443\"; ma=2592000,quic=\":443\"; ma=2592000; v=\"46,43\"","accept-ranges":"none","transfer-encoding":"chunked"}
[info] ✔  functions: required API cloudfunctions.googleapis.com is enabled 
[debug] [2021-09-13T01:27:44.735Z] <<< HTTP RESPONSE 200 {"content-type":"application/json; charset=UTF-8","vary":"X-Origin, Referer, Origin,Accept-Encoding","date":"Mon, 13 Sep 2021 01:27:44 GMT","server":"ESF","cache-control":"private","x-xss-protection":"0","x-frame-options":"SAMEORIGIN","x-content-type-options":"nosniff","alt-svc":"h3=\":443\"; ma=2592000,h3-29=\":443\"; ma=2592000,h3-T051=\":443\"; ma=2592000,h3-Q050=\":443\"; ma=2592000,h3-Q046=\":443\"; ma=2592000,h3-Q043=\":443\"; ma=2592000,quic=\":443\"; ma=2592000; v=\"46,43\"","accept-ranges":"none","transfer-encoding":"chunked"}
[debug] [2021-09-13T01:27:44.865Z] <<< HTTP RESPONSE 200 {"content-type":"application/json; charset=UTF-8","vary":"X-Origin, Referer, Origin,Accept-Encoding","date":"Mon, 13 Sep 2021 01:27:44 GMT","server":"ESF","cache-control":"private","x-xss-protection":"0","x-frame-options":"SAMEORIGIN","x-content-type-options":"nosniff","alt-svc":"h3=\":443\"; ma=2592000,h3-29=\":443\"; ma=2592000,h3-T051=\":443\"; ma=2592000,h3-Q050=\":443\"; ma=2592000,h3-Q046=\":443\"; ma=2592000,h3-Q043=\":443\"; ma=2592000,quic=\":443\"; ma=2592000; v=\"46,43\"","accept-ranges":"none","transfer-encoding":"chunked"}
[info] ✔  functions: required API cloudbuild.googleapis.com is enabled 
[debug] [2021-09-13T01:27:44.866Z] >>> HTTP REQUEST GET https://firebase.googleapis.com/v1beta1/projects/musician-first/adminSdkConfig  
 
[debug] [2021-09-13T01:27:45.040Z] <<< HTTP RESPONSE 200 {"content-type":"application/json; charset=UTF-8","vary":"X-Origin, Referer, Origin,Accept-Encoding","date":"Mon, 13 Sep 2021 01:27:45 GMT","server":"ESF","cache-control":"private","x-xss-protection":"0","x-frame-options":"SAMEORIGIN","x-content-type-options":"nosniff","alt-svc":"h3=\":443\"; ma=2592000,h3-29=\":443\"; ma=2592000,h3-T051=\":443\"; ma=2592000,h3-Q050=\":443\"; ma=2592000,h3-Q046=\":443\"; ma=2592000,h3-Q043=\":443\"; ma=2592000,quic=\":443\"; ma=2592000; v=\"46,43\"","accept-ranges":"none","transfer-encoding":"chunked"}
[debug] [2021-09-13T01:27:45.041Z] >>> HTTP REQUEST GET https://runtimeconfig.googleapis.com/v1beta1/projects/musician-first/configs  
 
[debug] [2021-09-13T01:27:45.173Z] <<< HTTP RESPONSE 200 {"content-type":"application/json; charset=UTF-8","vary":"X-Origin, Referer, Origin,Accept-Encoding","date":"Mon, 13 Sep 2021 01:27:45 GMT","server":"ESF","cache-control":"private","x-xss-protection":"0","x-frame-options":"SAMEORIGIN","x-content-type-options":"nosniff","alt-svc":"h3=\":443\"; ma=2592000,h3-29=\":443\"; ma=2592000,h3-T051=\":443\"; ma=2592000,h3-Q050=\":443\"; ma=2592000,h3-Q046=\":443\"; ma=2592000,h3-Q043=\":443\"; ma=2592000,quic=\":443\"; ma=2592000; v=\"46,43\"","accept-ranges":"none","transfer-encoding":"chunked"}
[debug] [2021-09-13T01:27:45.175Z] >>> HTTP REQUEST GET https://runtimeconfig.googleapis.com/v1beta1/projects/musician-first/configs/admin/variables  
 
[debug] [2021-09-13T01:27:45.175Z] >>> HTTP REQUEST GET https://runtimeconfig.googleapis.com/v1beta1/projects/musician-first/configs/gmail/variables  
 
[debug] [2021-09-13T01:27:45.319Z] <<< HTTP RESPONSE 200 {"content-type":"application/json; charset=UTF-8","vary":"X-Origin, Referer, Origin,Accept-Encoding","date":"Mon, 13 Sep 2021 01:27:45 GMT","server":"ESF","cache-control":"private","x-xss-protection":"0","x-frame-options":"SAMEORIGIN","x-content-type-options":"nosniff","alt-svc":"h3=\":443\"; ma=2592000,h3-29=\":443\"; ma=2592000,h3-T051=\":443\"; ma=2592000,h3-Q050=\":443\"; ma=2592000,h3-Q046=\":443\"; ma=2592000,h3-Q043=\":443\"; ma=2592000,quic=\":443\"; ma=2592000; v=\"46,43\"","accept-ranges":"none","transfer-encoding":"chunked"}
[debug] [2021-09-13T01:27:45.320Z] >>> HTTP REQUEST GET https://runtimeconfig.googleapis.com/v1beta1/projects/musician-first/configs/gmail/variables/email  
 
[debug] [2021-09-13T01:27:45.320Z] >>> HTTP REQUEST GET https://runtimeconfig.googleapis.com/v1beta1/projects/musician-first/configs/gmail/variables/password  
 
[debug] [2021-09-13T01:27:45.321Z] <<< HTTP RESPONSE 200 {"content-type":"application/json; charset=UTF-8","vary":"X-Origin, Referer, Origin,Accept-Encoding","date":"Mon, 13 Sep 2021 01:27:45 GMT","server":"ESF","cache-control":"private","x-xss-protection":"0","x-frame-options":"SAMEORIGIN","x-content-type-options":"nosniff","alt-svc":"h3=\":443\"; ma=2592000,h3-29=\":443\"; ma=2592000,h3-T051=\":443\"; ma=2592000,h3-Q050=\":443\"; ma=2592000,h3-Q046=\":443\"; ma=2592000,h3-Q043=\":443\"; ma=2592000,quic=\":443\"; ma=2592000; v=\"46,43\"","accept-ranges":"none","transfer-encoding":"chunked"}
[debug] [2021-09-13T01:27:45.322Z] >>> HTTP REQUEST GET https://runtimeconfig.googleapis.com/v1beta1/projects/musician-first/configs/admin/variables/email  
 
[debug] [2021-09-13T01:27:45.446Z] <<< HTTP RESPONSE 200 {"content-type":"application/json; charset=UTF-8","vary":"X-Origin, Referer, Origin,Accept-Encoding","date":"Mon, 13 Sep 2021 01:27:45 GMT","server":"ESF","cache-control":"private","x-xss-protection":"0","x-frame-options":"SAMEORIGIN","x-content-type-options":"nosniff","alt-svc":"h3=\":443\"; ma=2592000,h3-29=\":443\"; ma=2592000,h3-T051=\":443\"; ma=2592000,h3-Q050=\":443\"; ma=2592000,h3-Q046=\":443\"; ma=2592000,h3-Q043=\":443\"; ma=2592000,quic=\":443\"; ma=2592000; v=\"46,43\"","accept-ranges":"none","transfer-encoding":"chunked"}
[debug] [2021-09-13T01:27:45.511Z] <<< HTTP RESPONSE 200 {"content-type":"application/json; charset=UTF-8","vary":"X-Origin, Referer, Origin,Accept-Encoding","date":"Mon, 13 Sep 2021 01:27:45 GMT","server":"ESF","cache-control":"private","x-xss-protection":"0","x-frame-options":"SAMEORIGIN","x-content-type-options":"nosniff","alt-svc":"h3=\":443\"; ma=2592000,h3-29=\":443\"; ma=2592000,h3-T051=\":443\"; ma=2592000,h3-Q050=\":443\"; ma=2592000,h3-Q046=\":443\"; ma=2592000,h3-Q043=\":443\"; ma=2592000,quic=\":443\"; ma=2592000; v=\"46,43\"","accept-ranges":"none","transfer-encoding":"chunked"}
[debug] [2021-09-13T01:27:45.736Z] <<< HTTP RESPONSE 200 {"content-type":"application/json; charset=UTF-8","vary":"X-Origin, Referer, Origin,Accept-Encoding","date":"Mon, 13 Sep 2021 01:27:45 GMT","server":"ESF","cache-control":"private","x-xss-protection":"0","x-frame-options":"SAMEORIGIN","x-content-type-options":"nosniff","alt-svc":"h3=\":443\"; ma=2592000,h3-29=\":443\"; ma=2592000,h3-T051=\":443\"; ma=2592000,h3-Q050=\":443\"; ma=2592000,h3-Q046=\":443\"; ma=2592000,h3-Q043=\":443\"; ma=2592000,quic=\":443\"; ma=2592000; v=\"46,43\"","accept-ranges":"none","transfer-encoding":"chunked"}
[debug] [2021-09-13T01:27:45.744Z] Analyzing nodejs backend spec
[info] i  functions: preparing functions directory for uploading... 
[info] i  functions: packaged functions (44.5 KB) for uploading 
[debug] [2021-09-13T01:27:46.046Z] >>> HTTP REQUEST GET https://cloudfunctions.googleapis.com/v1/projects/musician-first/locations/-/functions  
 
[debug] [2021-09-13T01:27:46.514Z] <<< HTTP RESPONSE 200 {"content-type":"application/json; charset=UTF-8","vary":"X-Origin, Referer, Origin,Accept-Encoding","date":"Mon, 13 Sep 2021 01:27:46 GMT","server":"ESF","cache-control":"private","x-xss-protection":"0","x-frame-options":"SAMEORIGIN","x-content-type-options":"nosniff","alt-svc":"h3=\":443\"; ma=2592000,h3-29=\":443\"; ma=2592000,h3-T051=\":443\"; ma=2592000,h3-Q050=\":443\"; ma=2592000,h3-Q046=\":443\"; ma=2592000,h3-Q043=\":443\"; ma=2592000,quic=\":443\"; ma=2592000; v=\"46,43\"","accept-ranges":"none","transfer-encoding":"chunked"}
[debug] [2021-09-13T01:27:46.516Z] [functions] found 1 new HTTP functions, testing setIamPolicy permission...
[debug] [2021-09-13T01:27:46.516Z] >>> HTTP REQUEST POST https://cloudresourcemanager.googleapis.com/v1/projects/musician-first:testIamPermissions  
 {"permissions":["cloudfunctions.functions.setIamPolicy"]}
[debug] [2021-09-13T01:27:46.588Z] <<< HTTP RESPONSE 200 {"content-type":"application/json; charset=UTF-8","vary":"X-Origin, Referer, Origin,Accept-Encoding","date":"Mon, 13 Sep 2021 01:27:46 GMT","server":"ESF","cache-control":"private","x-xss-protection":"0","x-frame-options":"SAMEORIGIN","x-content-type-options":"nosniff","server-timing":"gfet4t7; dur=37","alt-svc":"h3=\":443\"; ma=2592000,h3-29=\":443\"; ma=2592000,h3-T051=\":443\"; ma=2592000,h3-Q050=\":443\"; ma=2592000,h3-Q046=\":443\"; ma=2592000,h3-Q043=\":443\"; ma=2592000,quic=\":443\"; ma=2592000; v=\"46,43\"","accept-ranges":"none","transfer-encoding":"chunked"}
[debug] [2021-09-13T01:27:46.588Z] [functions] found setIamPolicy permission, proceeding with deploy
[debug] [2021-09-13T01:27:46.589Z] >>> HTTP REQUEST POST https://cloudfunctions.googleapis.com/v1/projects/musician-first/locations/us-central1/functions:generateUploadUrl  
 
[debug] [2021-09-13T01:27:47.240Z] <<< HTTP RESPONSE 200 {"content-type":"application/json; charset=UTF-8","vary":"X-Origin, Referer, Origin,Accept-Encoding","date":"Mon, 13 Sep 2021 01:27:47 GMT","server":"ESF","cache-control":"private","x-xss-protection":"0","x-frame-options":"SAMEORIGIN","x-content-type-options":"nosniff","alt-svc":"h3=\":443\"; ma=2592000,h3-29=\":443\"; ma=2592000,h3-T051=\":443\"; ma=2592000,h3-Q050=\":443\"; ma=2592000,h3-Q046=\":443\"; ma=2592000,h3-Q043=\":443\"; ma=2592000,quic=\":443\"; ma=2592000; v=\"46,43\"","accept-ranges":"none","transfer-encoding":"chunked"}
[debug] [2021-09-13T01:27:47.244Z] >>> HTTP REQUEST PUT https://storage.googleapis.com/gcf-upload-us-central1-768e37bf-aacf-49c6-900f-aedb7eb52496/e63bad68-1d96-4b9a-8f0a-a2258f649304.zip?GoogleAccessId=service-317890055724@gcf-admin-robot.iam.gserviceaccount.com&Expires=1631498267&Signature=c%2F5eHdM536FHH68MnBitUsJKWObVWhjBWXLEFcjzcav%2BFXNkA%2FRA8r78UulWnXZrrtfkihTOpdl5o8UWhullmUmW2Gm8BSiY8SplFbfz1l6DvYwdTMm%2Fs5vTW3hFHyohCzphW6VIQz9S%2FU8Q6%2BK7qDRBCujm%2FZFWcpRBcsE%2FFIk%2B4g3adZqbZS3m2%2Br2VP5x5nPStliKwzh7ygNQNWFBaW5Mv4OGdY0KGxBst48wZhQUs3WofNR3dvAw1aW0F7ncOJBFluGsZhG5IuMODyO3YbNJXlA72xvGp8kwhpNx2vmE2JaRUHxC0ZHSl1sFQ78Jyx3Eh5AOoJ0LRH1BxQFE1w%3D%3D  
 <request body omitted>
[debug] [2021-09-13T01:27:47.576Z] <<< HTTP RESPONSE 200 {"x-guploader-uploadid":"ADPycdv_6BrdqBlbLOVnh4eTUKBggv7xyP2AbpBQWItqudPuMEtOjIofeEMoVMASqcR_nRMM-9ezGOuWK6hHzHCYhjAEPVorMQ","etag":"\"60031c77f6bc635a3ddfba93d4fdbd23\"","x-goog-generation":"1631496467624198","x-goog-metageneration":"1","x-goog-hash":"crc32c=b2iJcA==, md5=YAMcd/a8Y1o937qT1P29Iw==","x-goog-stored-content-length":"45570","x-goog-stored-content-encoding":"identity","vary":"Origin","content-length":"0","date":"Mon, 13 Sep 2021 01:27:47 GMT","server":"UploadServer","content-type":"text/html; charset=UTF-8","alt-svc":"h3=\":443\"; ma=2592000,h3-29=\":443\"; ma=2592000,h3-T051=\":443\"; ma=2592000,h3-Q050=\":443\"; ma=2592000,h3-Q046=\":443\"; ma=2592000,h3-Q043=\":443\"; ma=2592000,quic=\":443\"; ma=2592000; v=\"46,43\""}
[info] ✔  functions: functions folder uploaded successfully 
[info] i  functions: creating Node.js 14 function sendMail(us-central1)... 
[debug] [2021-09-13T01:27:47.588Z] >>> HTTP REQUEST POST https://cloudfunctions.googleapis.com/v1/projects/musician-first/locations/us-central1/functions  
 {"name":"projects/musician-first/locations/us-central1/functions/sendMail","sourceUploadUrl":"https://storage.googleapis.com/gcf-upload-us-central1-768e37bf-aacf-49c6-900f-aedb7eb52496/e63bad68-1d96-4b9a-8f0a-a2258f649304.zip?GoogleAccessId=service-317890055724@gcf-admin-robot.iam.gserviceaccount.com&Expires=1631498267&Signature=c%2F5eHdM536FHH68MnBitUsJKWObVWhjBWXLEFcjzcav%2BFXNkA%2FRA8r78UulWnXZrrtfkihTOpdl5o8UWhullmUmW2Gm8BSiY8SplFbfz1l6DvYwdTMm%2Fs5vTW3hFHyohCzphW6VIQz9S%2FU8Q6%2BK7qDRBCujm%2FZFWcpRBcsE%2FFIk%2B4g3adZqbZS3m2%2Br2VP5x5nPStliKwzh7ygNQNWFBaW5Mv4OGdY0KGxBst48wZhQUs3WofNR3dvAw1aW0F7ncOJBFluGsZhG5IuMODyO3YbNJXlA72xvGp8kwhpNx2vmE2JaRUHxC0ZHSl1sFQ78Jyx3Eh5AOoJ0LRH1BxQFE1w%3D%3D","entryPoint":"sendMail","runtime":"nodejs14","httpsTrigger":{},"labels":{"deployment-callable":"true","deployment-tool":"cli-firebase"},"environmentVariables":{"FIREBASE_CONFIG":"{\"projectId\":\"musician-first\",\"databaseURL\":\"https://musician-first-default-rtdb.firebaseio.com\",\"storageBucket\":\"musician-first.appspot.com\",\"locationId\":\"us-central\"}","GCLOUD_PROJECT":"musician-first"}}
[debug] [2021-09-13T01:27:47.940Z] <<< HTTP RESPONSE 200 {"content-type":"application/json; charset=UTF-8","vary":"X-Origin, Referer, Origin,Accept-Encoding","date":"Mon, 13 Sep 2021 01:27:47 GMT","server":"ESF","cache-control":"private","x-xss-protection":"0","x-frame-options":"SAMEORIGIN","x-content-type-options":"nosniff","alt-svc":"h3=\":443\"; ma=2592000,h3-29=\":443\"; ma=2592000,h3-T051=\":443\"; ma=2592000,h3-Q050=\":443\"; ma=2592000,h3-Q046=\":443\"; ma=2592000,h3-Q043=\":443\"; ma=2592000,quic=\":443\"; ma=2592000; v=\"46,43\"","accept-ranges":"none","transfer-encoding":"chunked"}
[debug] [2021-09-13T01:27:47.944Z] > refreshing access token with scopes: []
[debug] [2021-09-13T01:27:47.944Z] >>> HTTP REQUEST POST https://www.googleapis.com/oauth2/v3/token  
 <request body omitted>
[debug] [2021-09-13T01:27:48.022Z] <<< HTTP RESPONSE 200 {"cache-control":"no-cache, no-store, max-age=0, must-revalidate","date":"Mon, 13 Sep 2021 01:27:48 GMT","pragma":"no-cache","expires":"Mon, 01 Jan 1990 00:00:00 GMT","content-type":"application/json; charset=utf-8","vary":"X-Origin, Referer, Origin,Accept-Encoding","server":"scaffolding on HTTPServer2","x-xss-protection":"0","x-frame-options":"SAMEORIGIN","x-content-type-options":"nosniff","alt-svc":"h3=\":443\"; ma=2592000,h3-29=\":443\"; ma=2592000,h3-T051=\":443\"; ma=2592000,h3-Q050=\":443\"; ma=2592000,h3-Q046=\":443\"; ma=2592000,h3-Q043=\":443\"; ma=2592000,quic=\":443\"; ma=2592000; v=\"46,43\"","accept-ranges":"none","transfer-encoding":"chunked"}
[debug] [2021-09-13T01:27:48.079Z] >>> [apiv2][query] GET https://cloudfunctions.googleapis.com/v1/operations/bXVzaWNpYW4tZmlyc3QvdXMtY2VudHJhbDEvc2VuZE1haWwvVlZYd21UUE1za3M [none]
[debug] [2021-09-13T01:27:48.286Z] <<< [apiv2][status] GET https://cloudfunctions.googleapis.com/v1/operations/bXVzaWNpYW4tZmlyc3QvdXMtY2VudHJhbDEvc2VuZE1haWwvVlZYd21UUE1za3M 200
[debug] [2021-09-13T01:27:48.286Z] <<< [apiv2][body] GET https://cloudfunctions.googleapis.com/v1/operations/bXVzaWNpYW4tZmlyc3QvdXMtY2VudHJhbDEvc2VuZE1haWwvVlZYd21UUE1za3M {"name":"operations/bXVzaWNpYW4tZmlyc3QvdXMtY2VudHJhbDEvc2VuZE1haWwvVlZYd21UUE1za3M","metadata":{"@type":"type.googleapis.com/google.cloud.functions.v1.OperationMetadataV1","target":"projects/musician-first/locations/us-central1/functions/sendMail","type":"CREATE_FUNCTION","request":{"@type":"type.googleapis.com/google.cloud.functions.v1.CloudFunction","name":"projects/musician-first/locations/us-central1/functions/sendMail","httpsTrigger":{},"entryPoint":"sendMail","labels":{"deployment-callable":"true","deployment-tool":"cli-firebase"},"sourceUploadUrl":"https://storage.googleapis.com/gcf-upload-us-central1-768e37bf-aacf-49c6-900f-aedb7eb52496/e63bad68-1d96-4b9a-8f0a-a2258f649304.zip?GoogleAccessId=service-317890055724@gcf-admin-robot.iam.gserviceaccount.com&Expires=1631498267&Signature=c%2F5eHdM536FHH68MnBitUsJKWObVWhjBWXLEFcjzcav%2BFXNkA%2FRA8r78UulWnXZrrtfkihTOpdl5o8UWhullmUmW2Gm8BSiY8SplFbfz1l6DvYwdTMm%2Fs5vTW3hFHyohCzphW6VIQz9S%2FU8Q6%2BK7qDRBCujm%2FZFWcpRBcsE%2FFIk%2B4g3adZqbZS3m2%2Br2VP5x5nPStliKwzh7ygNQNWFBaW5Mv4OGdY0KGxBst48wZhQUs3WofNR3dvAw1aW0F7ncOJBFluGsZhG5IuMODyO3YbNJXlA72xvGp8kwhpNx2vmE2JaRUHxC0ZHSl1sFQ78Jyx3Eh5AOoJ0LRH1BxQFE1w%3D%3D","environmentVariables":{"FIREBASE_CONFIG":"{\"projectId\":\"musician-first\",\"databaseURL\":\"https://musician-first-default-rtdb.firebaseio.com\",\"storageBucket\":\"musician-first.appspot.com\",\"locationId\":\"us-central\"}","GCLOUD_PROJECT":"musician-first"},"runtime":"nodejs14"},"versionId":"1","updateTime":"2021-09-13T01:27:48Z"}}
[debug] [2021-09-13T01:27:48.790Z] [create-projects/musician-first/locations/us-central1/functions/sendMail] Retrying task index 0
[debug] [2021-09-13T01:27:48.791Z] >>> [apiv2][query] GET https://cloudfunctions.googleapis.com/v1/operations/bXVzaWNpYW4tZmlyc3QvdXMtY2VudHJhbDEvc2VuZE1haWwvVlZYd21UUE1za3M [none]
[debug] [2021-09-13T01:27:48.956Z] <<< [apiv2][status] GET https://cloudfunctions.googleapis.com/v1/operations/bXVzaWNpYW4tZmlyc3QvdXMtY2VudHJhbDEvc2VuZE1haWwvVlZYd21UUE1za3M 200
[debug] [2021-09-13T01:27:48.957Z] <<< [apiv2][body] GET https://cloudfunctions.googleapis.com/v1/operations/bXVzaWNpYW4tZmlyc3QvdXMtY2VudHJhbDEvc2VuZE1haWwvVlZYd21UUE1za3M {"name":"operations/bXVzaWNpYW4tZmlyc3QvdXMtY2VudHJhbDEvc2VuZE1haWwvVlZYd21UUE1za3M","metadata":{"@type":"type.googleapis.com/google.cloud.functions.v1.OperationMetadataV1","target":"projects/musician-first/locations/us-central1/functions/sendMail","type":"CREATE_FUNCTION","request":{"@type":"type.googleapis.com/google.cloud.functions.v1.CloudFunction","name":"projects/musician-first/locations/us-central1/functions/sendMail","httpsTrigger":{},"entryPoint":"sendMail","labels":{"deployment-callable":"true","deployment-tool":"cli-firebase"},"sourceUploadUrl":"https://storage.googleapis.com/gcf-upload-us-central1-768e37bf-aacf-49c6-900f-aedb7eb52496/e63bad68-1d96-4b9a-8f0a-a2258f649304.zip?GoogleAccessId=service-317890055724@gcf-admin-robot.iam.gserviceaccount.com&Expires=1631498267&Signature=c%2F5eHdM536FHH68MnBitUsJKWObVWhjBWXLEFcjzcav%2BFXNkA%2FRA8r78UulWnXZrrtfkihTOpdl5o8UWhullmUmW2Gm8BSiY8SplFbfz1l6DvYwdTMm%2Fs5vTW3hFHyohCzphW6VIQz9S%2FU8Q6%2BK7qDRBCujm%2FZFWcpRBcsE%2FFIk%2B4g3adZqbZS3m2%2Br2VP5x5nPStliKwzh7ygNQNWFBaW5Mv4OGdY0KGxBst48wZhQUs3WofNR3dvAw1aW0F7ncOJBFluGsZhG5IuMODyO3YbNJXlA72xvGp8kwhpNx2vmE2JaRUHxC0ZHSl1sFQ78Jyx3Eh5AOoJ0LRH1BxQFE1w%3D%3D","environmentVariables":{"FIREBASE_CONFIG":"{\"projectId\":\"musician-first\",\"databaseURL\":\"https://musician-first-default-rtdb.firebaseio.com\",\"storageBucket\":\"musician-first.appspot.com\",\"locationId\":\"us-central\"}","GCLOUD_PROJECT":"musician-first"},"runtime":"nodejs14"},"versionId":"1","updateTime":"2021-09-13T01:27:48Z","buildId":"4bc46022-1a00-4038-bb92-4531779c179d","buildName":"projects/317890055724/locations/us-central1/builds/4bc46022-1a00-4038-bb92-4531779c179d"}}
[debug] [2021-09-13T01:27:49.960Z] [create-projects/musician-first/locations/us-central1/functions/sendMail] Retrying task index 0
[debug] [2021-09-13T01:27:49.960Z] >>> [apiv2][query] GET https://cloudfunctions.googleapis.com/v1/operations/bXVzaWNpYW4tZmlyc3QvdXMtY2VudHJhbDEvc2VuZE1haWwvVlZYd21UUE1za3M [none]
[debug] [2021-09-13T01:27:50.113Z] <<< [apiv2][status] GET https://cloudfunctions.googleapis.com/v1/operations/bXVzaWNpYW4tZmlyc3QvdXMtY2VudHJhbDEvc2VuZE1haWwvVlZYd21UUE1za3M 200
[debug] [2021-09-13T01:27:50.113Z] <<< [apiv2][body] GET https://cloudfunctions.googleapis.com/v1/operations/bXVzaWNpYW4tZmlyc3QvdXMtY2VudHJhbDEvc2VuZE1haWwvVlZYd21UUE1za3M {"name":"operations/bXVzaWNpYW4tZmlyc3QvdXMtY2VudHJhbDEvc2VuZE1haWwvVlZYd21UUE1za3M","metadata":{"@type":"type.googleapis.com/google.cloud.functions.v1.OperationMetadataV1","target":"projects/musician-first/locations/us-central1/functions/sendMail","type":"CREATE_FUNCTION","request":{"@type":"type.googleapis.com/google.cloud.functions.v1.CloudFunction","name":"projects/musician-first/locations/us-central1/functions/sendMail","httpsTrigger":{},"entryPoint":"sendMail","labels":{"deployment-callable":"true","deployment-tool":"cli-firebase"},"sourceUploadUrl":"https://storage.googleapis.com/gcf-upload-us-central1-768e37bf-aacf-49c6-900f-aedb7eb52496/e63bad68-1d96-4b9a-8f0a-a2258f649304.zip?GoogleAccessId=service-317890055724@gcf-admin-robot.iam.gserviceaccount.com&Expires=1631498267&Signature=c%2F5eHdM536FHH68MnBitUsJKWObVWhjBWXLEFcjzcav%2BFXNkA%2FRA8r78UulWnXZrrtfkihTOpdl5o8UWhullmUmW2Gm8BSiY8SplFbfz1l6DvYwdTMm%2Fs5vTW3hFHyohCzphW6VIQz9S%2FU8Q6%2BK7qDRBCujm%2FZFWcpRBcsE%2FFIk%2B4g3adZqbZS3m2%2Br2VP5x5nPStliKwzh7ygNQNWFBaW5Mv4OGdY0KGxBst48wZhQUs3WofNR3dvAw1aW0F7ncOJBFluGsZhG5IuMODyO3YbNJXlA72xvGp8kwhpNx2vmE2JaRUHxC0ZHSl1sFQ78Jyx3Eh5AOoJ0LRH1BxQFE1w%3D%3D","environmentVariables":{"FIREBASE_CONFIG":"{\"projectId\":\"musician-first\",\"databaseURL\":\"https://musician-first-default-rtdb.firebaseio.com\",\"storageBucket\":\"musician-first.appspot.com\",\"locationId\":\"us-central\"}","GCLOUD_PROJECT":"musician-first"},"runtime":"nodejs14"},"versionId":"1","updateTime":"2021-09-13T01:27:48Z","buildId":"4bc46022-1a00-4038-bb92-4531779c179d","buildName":"projects/317890055724/locations/us-central1/builds/4bc46022-1a00-4038-bb92-4531779c179d"}}
[debug] [2021-09-13T01:27:52.117Z] [create-projects/musician-first/locations/us-central1/functions/sendMail] Retrying task index 0
[debug] [2021-09-13T01:27:52.117Z] >>> [apiv2][query] GET https://cloudfunctions.googleapis.com/v1/operations/bXVzaWNpYW4tZmlyc3QvdXMtY2VudHJhbDEvc2VuZE1haWwvVlZYd21UUE1za3M [none]
[debug] [2021-09-13T01:27:52.337Z] <<< [apiv2][status] GET https://cloudfunctions.googleapis.com/v1/operations/bXVzaWNpYW4tZmlyc3QvdXMtY2VudHJhbDEvc2VuZE1haWwvVlZYd21UUE1za3M 200
[debug] [2021-09-13T01:27:52.337Z] <<< [apiv2][body] GET https://cloudfunctions.googleapis.com/v1/operations/bXVzaWNpYW4tZmlyc3QvdXMtY2VudHJhbDEvc2VuZE1haWwvVlZYd21UUE1za3M {"name":"operations/bXVzaWNpYW4tZmlyc3QvdXMtY2VudHJhbDEvc2VuZE1haWwvVlZYd21UUE1za3M","metadata":{"@type":"type.googleapis.com/google.cloud.functions.v1.OperationMetadataV1","target":"projects/musician-first/locations/us-central1/functions/sendMail","type":"CREATE_FUNCTION","request":{"@type":"type.googleapis.com/google.cloud.functions.v1.CloudFunction","name":"projects/musician-first/locations/us-central1/functions/sendMail","httpsTrigger":{},"entryPoint":"sendMail","labels":{"deployment-callable":"true","deployment-tool":"cli-firebase"},"sourceUploadUrl":"https://storage.googleapis.com/gcf-upload-us-central1-768e37bf-aacf-49c6-900f-aedb7eb52496/e63bad68-1d96-4b9a-8f0a-a2258f649304.zip?GoogleAccessId=service-317890055724@gcf-admin-robot.iam.gserviceaccount.com&Expires=1631498267&Signature=c%2F5eHdM536FHH68MnBitUsJKWObVWhjBWXLEFcjzcav%2BFXNkA%2FRA8r78UulWnXZrrtfkihTOpdl5o8UWhullmUmW2Gm8BSiY8SplFbfz1l6DvYwdTMm%2Fs5vTW3hFHyohCzphW6VIQz9S%2FU8Q6%2BK7qDRBCujm%2FZFWcpRBcsE%2FFIk%2B4g3adZqbZS3m2%2Br2VP5x5nPStliKwzh7ygNQNWFBaW5Mv4OGdY0KGxBst48wZhQUs3WofNR3dvAw1aW0F7ncOJBFluGsZhG5IuMODyO3YbNJXlA72xvGp8kwhpNx2vmE2JaRUHxC0ZHSl1sFQ78Jyx3Eh5AOoJ0LRH1BxQFE1w%3D%3D","environmentVariables":{"FIREBASE_CONFIG":"{\"projectId\":\"musician-first\",\"databaseURL\":\"https://musician-first-default-rtdb.firebaseio.com\",\"storageBucket\":\"musician-first.appspot.com\",\"locationId\":\"us-central\"}","GCLOUD_PROJECT":"musician-first"},"runtime":"nodejs14"},"versionId":"1","updateTime":"2021-09-13T01:27:48Z","buildId":"4bc46022-1a00-4038-bb92-4531779c179d","buildName":"projects/317890055724/locations/us-central1/builds/4bc46022-1a00-4038-bb92-4531779c179d"}}
[debug] [2021-09-13T01:27:56.341Z] [create-projects/musician-first/locations/us-central1/functions/sendMail] Retrying task index 0
[debug] [2021-09-13T01:27:56.341Z] >>> [apiv2][query] GET https://cloudfunctions.googleapis.com/v1/operations/bXVzaWNpYW4tZmlyc3QvdXMtY2VudHJhbDEvc2VuZE1haWwvVlZYd21UUE1za3M [none]
[debug] [2021-09-13T01:27:56.493Z] <<< [apiv2][status] GET https://cloudfunctions.googleapis.com/v1/operations/bXVzaWNpYW4tZmlyc3QvdXMtY2VudHJhbDEvc2VuZE1haWwvVlZYd21UUE1za3M 200
[debug] [2021-09-13T01:27:56.493Z] <<< [apiv2][body] GET https://cloudfunctions.googleapis.com/v1/operations/bXVzaWNpYW4tZmlyc3QvdXMtY2VudHJhbDEvc2VuZE1haWwvVlZYd21UUE1za3M {"name":"operations/bXVzaWNpYW4tZmlyc3QvdXMtY2VudHJhbDEvc2VuZE1haWwvVlZYd21UUE1za3M","metadata":{"@type":"type.googleapis.com/google.cloud.functions.v1.OperationMetadataV1","target":"projects/musician-first/locations/us-central1/functions/sendMail","type":"CREATE_FUNCTION","request":{"@type":"type.googleapis.com/google.cloud.functions.v1.CloudFunction","name":"projects/musician-first/locations/us-central1/functions/sendMail","httpsTrigger":{},"entryPoint":"sendMail","labels":{"deployment-callable":"true","deployment-tool":"cli-firebase"},"sourceUploadUrl":"https://storage.googleapis.com/gcf-upload-us-central1-768e37bf-aacf-49c6-900f-aedb7eb52496/e63bad68-1d96-4b9a-8f0a-a2258f649304.zip?GoogleAccessId=service-317890055724@gcf-admin-robot.iam.gserviceaccount.com&Expires=1631498267&Signature=c%2F5eHdM536FHH68MnBitUsJKWObVWhjBWXLEFcjzcav%2BFXNkA%2FRA8r78UulWnXZrrtfkihTOpdl5o8UWhullmUmW2Gm8BSiY8SplFbfz1l6DvYwdTMm%2Fs5vTW3hFHyohCzphW6VIQz9S%2FU8Q6%2BK7qDRBCujm%2FZFWcpRBcsE%2FFIk%2B4g3adZqbZS3m2%2Br2VP5x5nPStliKwzh7ygNQNWFBaW5Mv4OGdY0KGxBst48wZhQUs3WofNR3dvAw1aW0F7ncOJBFluGsZhG5IuMODyO3YbNJXlA72xvGp8kwhpNx2vmE2JaRUHxC0ZHSl1sFQ78Jyx3Eh5AOoJ0LRH1BxQFE1w%3D%3D","environmentVariables":{"FIREBASE_CONFIG":"{\"projectId\":\"musician-first\",\"databaseURL\":\"https://musician-first-default-rtdb.firebaseio.com\",\"storageBucket\":\"musician-first.appspot.com\",\"locationId\":\"us-central\"}","GCLOUD_PROJECT":"musician-first"},"runtime":"nodejs14"},"versionId":"1","updateTime":"2021-09-13T01:27:48Z","buildId":"4bc46022-1a00-4038-bb92-4531779c179d","buildName":"projects/317890055724/locations/us-central1/builds/4bc46022-1a00-4038-bb92-4531779c179d"}}
[debug] [2021-09-13T01:28:04.494Z] [create-projects/musician-first/locations/us-central1/functions/sendMail] Retrying task index 0
[debug] [2021-09-13T01:28:04.495Z] >>> [apiv2][query] GET https://cloudfunctions.googleapis.com/v1/operations/bXVzaWNpYW4tZmlyc3QvdXMtY2VudHJhbDEvc2VuZE1haWwvVlZYd21UUE1za3M [none]
[debug] [2021-09-13T01:28:04.708Z] <<< [apiv2][status] GET https://cloudfunctions.googleapis.com/v1/operations/bXVzaWNpYW4tZmlyc3QvdXMtY2VudHJhbDEvc2VuZE1haWwvVlZYd21UUE1za3M 200
[debug] [2021-09-13T01:28:04.708Z] <<< [apiv2][body] GET https://cloudfunctions.googleapis.com/v1/operations/bXVzaWNpYW4tZmlyc3QvdXMtY2VudHJhbDEvc2VuZE1haWwvVlZYd21UUE1za3M {"name":"operations/bXVzaWNpYW4tZmlyc3QvdXMtY2VudHJhbDEvc2VuZE1haWwvVlZYd21UUE1za3M","metadata":{"@type":"type.googleapis.com/google.cloud.functions.v1.OperationMetadataV1","target":"projects/musician-first/locations/us-central1/functions/sendMail","type":"CREATE_FUNCTION","request":{"@type":"type.googleapis.com/google.cloud.functions.v1.CloudFunction","name":"projects/musician-first/locations/us-central1/functions/sendMail","httpsTrigger":{},"entryPoint":"sendMail","labels":{"deployment-callable":"true","deployment-tool":"cli-firebase"},"sourceUploadUrl":"https://storage.googleapis.com/gcf-upload-us-central1-768e37bf-aacf-49c6-900f-aedb7eb52496/e63bad68-1d96-4b9a-8f0a-a2258f649304.zip?GoogleAccessId=service-317890055724@gcf-admin-robot.iam.gserviceaccount.com&Expires=1631498267&Signature=c%2F5eHdM536FHH68MnBitUsJKWObVWhjBWXLEFcjzcav%2BFXNkA%2FRA8r78UulWnXZrrtfkihTOpdl5o8UWhullmUmW2Gm8BSiY8SplFbfz1l6DvYwdTMm%2Fs5vTW3hFHyohCzphW6VIQz9S%2FU8Q6%2BK7qDRBCujm%2FZFWcpRBcsE%2FFIk%2B4g3adZqbZS3m2%2Br2VP5x5nPStliKwzh7ygNQNWFBaW5Mv4OGdY0KGxBst48wZhQUs3WofNR3dvAw1aW0F7ncOJBFluGsZhG5IuMODyO3YbNJXlA72xvGp8kwhpNx2vmE2JaRUHxC0ZHSl1sFQ78Jyx3Eh5AOoJ0LRH1BxQFE1w%3D%3D","environmentVariables":{"FIREBASE_CONFIG":"{\"projectId\":\"musician-first\",\"databaseURL\":\"https://musician-first-default-rtdb.firebaseio.com\",\"storageBucket\":\"musician-first.appspot.com\",\"locationId\":\"us-central\"}","GCLOUD_PROJECT":"musician-first"},"runtime":"nodejs14"},"versionId":"1","updateTime":"2021-09-13T01:27:48Z","buildId":"4bc46022-1a00-4038-bb92-4531779c179d","buildName":"projects/317890055724/locations/us-central1/builds/4bc46022-1a00-4038-bb92-4531779c179d"}}
